# JRE version: OpenJDK Runtime Environment Temurin-21.0.11+10 (21.0.11+10) (build 21.0.11+10-LTS)
# Java VM: OpenJDK 64-Bit Server VM Temurin-21.0.11+10 (21.0.11+10-LTS, mixed mode, sharing, tiered, compressed oops, compressed class ptrs, parallel gc, windows-amd64)
GC Precious Log:
 CardTable entry size: 512
 CPUs: 12 total, 12 available
 Memory: 15710M
 Large Page Support: Disabled
 NUMA Support: Disabled
 Compressed Oops: Enabled (32-bit)
 Alignments: Space 512K, Generation 512K, Heap 2M
 Heap Min Capacity: 100M
 Heap Initial Capacity: 100M
 Heap Max Capacity: 2G
 Pre-touch: Disabled
 Parallel Workers: 10
Heap:
 PSYoungGen      total 5120K, used 1105K [0x00000000d5580000, 0x00000000d5c00000, 0x0000000100000000)
  eden space 4608K, 14% used [0x00000000d5580000,0x00000000d562c420,0x00000000d5a00000)
  from space 512K, 81% used [0x00000000d5b80000,0x00000000d5be8000,0x00000000d5c00000)
  to   space 512K, 0% used [0x00000000d5b00000,0x00000000d5b00000,0x00000000d5b80000)
 ParOldGen       total 154112K, used 153691K [0x0000000080000000, 0x0000000089680000, 0x00000000d5580000)
  object space 154112K, 99% used [0x0000000080000000,0x0000000089616de0,0x0000000089680000)
 Metaspace       used 85069K, committed 87104K, reserved 1179648K
  class space    used 8544K, committed 9408K, reserved 1048576K
GC Heap History (20 events):
Event: 3193.594 GC heap before
{Heap before GC invocations=2588 (full 6):
 PSYoungGen      total 5120K, used 5120K [0x00000000d5580000, 0x00000000d5d00000, 0x0000000100000000)
  eden space 4608K, 100% used [0x00000000d5580000,0x00000000d5a00000,0x00000000d5a00000)
  from space 512K, 100% used [0x00000000d5c80000,0x00000000d5d00000,0x00000000d5d00000)
  to   space 1536K, 0% used [0x00000000d5a00000,0x00000000d5a00000,0x00000000d5b80000)
 ParOldGen       total 148480K, used 148373K [0x0000000080000000, 0x0000000089100000, 0x00000000d5580000)
  object space 148480K, 99% used [0x0000000080000000,0x00000000890e5430,0x0000000089100000)
 Metaspace       used 85046K, committed 87104K, reserved 1179648K
  class space    used 8544K, committed 9408K, reserved 1048576K
}
Event: 3193.595 GC heap after
{Heap after GC invocations=2588 (full 6):
 PSYoungGen      total 6144K, used 704K [0x00000000d5580000, 0x00000000d5d00000, 0x0000000100000000)
  eden space 4608K, 0% used [0x00000000d5580000,0x00000000d5580000,0x00000000d5a00000)
  from space 1536K, 45% used [0x00000000d5a00000,0x00000000d5ab0000,0x00000000d5b80000)
  to   space 1024K, 0% used [0x00000000d5c00000,0x00000000d5c00000,0x00000000d5d00000)
 ParOldGen       total 148992K, used 148813K [0x0000000080000000, 0x0000000089180000, 0x00000000d5580000)
  object space 148992K, 99% used [0x0000000080000000,0x0000000089153450,0x0000000089180000)
 Metaspace       used 85046K, committed 87104K, reserved 1179648K
  class space    used 8544K, committed 9408K, reserved 1048576K
}
Event: 3193.603 GC heap before
{Heap before GC invocations=2589 (full 6):
 PSYoungGen      total 6144K, used 5312K [0x00000000d5580000, 0x00000000d5d00000, 0x0000000100000000)
  eden space 4608K, 100% used [0x00000000d5580000,0x00000000d5a00000,0x00000000d5a00000)
  from space 1536K, 45% used [0x00000000d5a00000,0x00000000d5ab0000,0x00000000d5b80000)
  to   space 1024K, 0% used [0x00000000d5c00000,0x00000000d5c00000,0x00000000d5d00000)
 ParOldGen       total 148992K, used 148813K [0x0000000080000000, 0x0000000089180000, 0x00000000d5580000)
  object space 148992K, 99% used [0x0000000080000000,0x0000000089153450,0x0000000089180000)
 Metaspace       used 85046K, committed 87104K, reserved 1179648K
  class space    used 8544K, committed 9408K, reserved 1048576K
}
Event: 3193.605 GC heap after
{Heap after GC invocations=2589 (full 6):
 PSYoungGen      total 5120K, used 512K [0x00000000d5580000, 0x00000000d5c80000, 0x0000000100000000)
  eden space 4608K, 0% used [0x00000000d5580000,0x00000000d5580000,0x00000000d5a00000)
  from space 512K, 100% used [0x00000000d5c00000,0x00000000d5c80000,0x00000000d5c80000)
  to   space 1024K, 0% used [0x00000000d5a80000,0x00000000d5a80000,0x00000000d5b80000)
 ParOldGen       total 149504K, used 149429K [0x0000000080000000, 0x0000000089200000, 0x00000000d5580000)
  object space 149504K, 99% used [0x0000000080000000,0x00000000891ed490,0x0000000089200000)
 Metaspace       used 85046K, committed 87104K, reserved 1179648K
  class space    used 8544K, committed 9408K, reserved 1048576K
}
Event: 3193.623 GC heap before
{Heap before GC invocations=2590 (full 6):
 PSYoungGen      total 5120K, used 5120K [0x00000000d5580000, 0x00000000d5c80000, 0x0000000100000000)
  eden space 4608K, 100% used [0x00000000d5580000,0x00000000d5a00000,0x00000000d5a00000)
  from space 512K, 100% used [0x00000000d5c00000,0x00000000d5c80000,0x00000000d5c80000)
  to   space 1024K, 0% used [0x00000000d5a80000,0x00000000d5a80000,0x00000000d5b80000)
 ParOldGen       total 149504K, used 149429K [0x0000000080000000, 0x0000000089200000, 0x00000000d5580000)
  object space 149504K, 99% used [0x0000000080000000,0x00000000891ed490,0x0000000089200000)
 Metaspace       used 85049K, committed 87104K, reserved 1179648K
  class space    used 8544K, committed 9408K, reserved 1048576K
}
Event: 3193.625 GC heap after
{Heap after GC invocations=2590 (full 6):
 PSYoungGen      total 5632K, used 672K [0x00000000d5580000, 0x00000000d5c80000, 0x0000000100000000)
  eden space 4608K, 0% used [0x00000000d5580000,0x00000000d5580000,0x00000000d5a00000)
  from space 1024K, 65% used [0x00000000d5a80000,0x00000000d5b28000,0x00000000d5b80000)
  to   space 1024K, 0% used [0x00000000d5b80000,0x00000000d5b80000,0x00000000d5c80000)
 ParOldGen       total 150016K, used 149765K [0x0000000080000000, 0x0000000089280000, 0x00000000d5580000)
  object space 150016K, 99% used [0x0000000080000000,0x00000000892414d0,0x0000000089280000)
 Metaspace       used 85049K, committed 87104K, reserved 1179648K
  class space    used 8544K, committed 9408K, reserved 1048576K
}
Event: 3193.645 GC heap before
{Heap before GC invocations=2591 (full 6):
 PSYoungGen      total 5632K, used 5280K [0x00000000d5580000, 0x00000000d5c80000, 0x0000000100000000)
  eden space 4608K, 100% used [0x00000000d5580000,0x00000000d5a00000,0x00000000d5a00000)
  from space 1024K, 65% used [0x00000000d5a80000,0x00000000d5b28000,0x00000000d5b80000)
  to   space 1024K, 0% used [0x00000000d5b80000,0x00000000d5b80000,0x00000000d5c80000)
 ParOldGen       total 150016K, used 149765K [0x0000000080000000, 0x0000000089280000, 0x00000000d5580000)
  object space 150016K, 99% used [0x0000000080000000,0x00000000892414d0,0x0000000089280000)
 Metaspace       used 85052K, committed 87104K, reserved 1179648K
  class space    used 8544K, committed 9408K, reserved 1048576K
}
Event: 3193.646 GC heap after
{Heap after GC invocations=2591 (full 6):
 PSYoungGen      total 5632K, used 698K [0x00000000d5580000, 0x00000000d5c80000, 0x0000000100000000)
  eden space 4608K, 0% used [0x00000000d5580000,0x00000000d5580000,0x00000000d5a00000)
  from space 1024K, 68% used [0x00000000d5b80000,0x00000000d5c2e900,0x00000000d5c80000)
  to   space 1024K, 0% used [0x00000000d5a80000,0x00000000d5a80000,0x00000000d5b80000)
 ParOldGen       total 150528K, used 150261K [0x0000000080000000, 0x0000000089300000, 0x00000000d5580000)
  object space 150528K, 99% used [0x0000000080000000,0x00000000892bd530,0x0000000089300000)
 Metaspace       used 85052K, committed 87104K, reserved 1179648K
  class space    used 8544K, committed 9408K, reserved 1048576K
}
Event: 3193.664 GC heap before
{Heap before GC invocations=2592 (full 6):
 PSYoungGen      total 5632K, used 5306K [0x00000000d5580000, 0x00000000d5c80000, 0x0000000100000000)
  eden space 4608K, 100% used [0x00000000d5580000,0x00000000d5a00000,0x00000000d5a00000)
  from space 1024K, 68% used [0x00000000d5b80000,0x00000000d5c2e900,0x00000000d5c80000)
  to   space 1024K, 0% used [0x00000000d5a80000,0x00000000d5a80000,0x00000000d5b80000)
 ParOldGen       total 150528K, used 150261K [0x0000000080000000, 0x0000000089300000, 0x00000000d5580000)
  object space 150528K, 99% used [0x0000000080000000,0x00000000892bd530,0x0000000089300000)
 Metaspace       used 85052K, committed 87104K, reserved 1179648K
  class space    used 8544K, committed 9408K, reserved 1048576K
}
Event: 3193.665 GC heap after
{Heap after GC invocations=2592 (full 6):
 PSYoungGen      total 5632K, used 1008K [0x00000000d5580000, 0x00000000d5e00000, 0x0000000100000000)
  eden space 4608K, 0% used [0x00000000d5580000,0x00000000d5580000,0x00000000d5a00000)
  from space 1024K, 98% used [0x00000000d5a80000,0x00000000d5b7c010,0x00000000d5b80000)
  to   space 2048K, 0% used [0x00000000d5c00000,0x00000000d5c00000,0x00000000d5e00000)
 ParOldGen       total 151040K, used 150855K [0x0000000080000000, 0x0000000089380000, 0x00000000d5580000)
  object space 151040K, 99% used [0x0000000080000000,0x0000000089351e60,0x0000000089380000)
 Metaspace       used 85052K, committed 87104K, reserved 1179648K
  class space    used 8544K, committed 9408K, reserved 1048576K
}
Event: 3193.678 GC heap before
{Heap before GC invocations=2593 (full 6):
 PSYoungGen      total 5632K, used 5616K [0x00000000d5580000, 0x00000000d5e00000, 0x0000000100000000)
  eden space 4608K, 100% used [0x00000000d5580000,0x00000000d5a00000,0x00000000d5a00000)
  from space 1024K, 98% used [0x00000000d5a80000,0x00000000d5b7c010,0x00000000d5b80000)
  to   space 2048K, 0% used [0x00000000d5c00000,0x00000000d5c00000,0x00000000d5e00000)
 ParOldGen       total 151040K, used 150855K [0x0000000080000000, 0x0000000089380000, 0x00000000d5580000)
  object space 151040K, 99% used [0x0000000080000000,0x0000000089351e60,0x0000000089380000)
 Metaspace       used 85052K, committed 87104K, reserved 1179648K
  class space    used 8544K, committed 9408K, reserved 1048576K
}
Event: 3193.679 GC heap after
{Heap after GC invocations=2593 (full 6):
 PSYoungGen      total 5632K, used 688K [0x00000000d5580000, 0x00000000d5d00000, 0x0000000100000000)
  eden space 4608K, 0% used [0x00000000d5580000,0x00000000d5580000,0x00000000d5a00000)
  from space 1024K, 67% used [0x00000000d5c00000,0x00000000d5cac010,0x00000000d5d00000)
  to   space 1024K, 0% used [0x00000000d5a80000,0x00000000d5a80000,0x00000000d5b80000)
 ParOldGen       total 152064K, used 151735K [0x0000000080000000, 0x0000000089480000, 0x00000000d5580000)
  object space 152064K, 99% used [0x0000000080000000,0x000000008942dca0,0x0000000089480000)
 Metaspace       used 85052K, committed 87104K, reserved 1179648K
  class space    used 8544K, committed 9408K, reserved 1048576K
}
Event: 3193.690 GC heap before
{Heap before GC invocations=2594 (full 6):
 PSYoungGen      total 5632K, used 5296K [0x00000000d5580000, 0x00000000d5d00000, 0x0000000100000000)
  eden space 4608K, 100% used [0x00000000d5580000,0x00000000d5a00000,0x00000000d5a00000)
  from space 1024K, 67% used [0x00000000d5c00000,0x00000000d5cac010,0x00000000d5d00000)
  to   space 1024K, 0% used [0x00000000d5a80000,0x00000000d5a80000,0x00000000d5b80000)
 ParOldGen       total 152064K, used 151735K [0x0000000080000000, 0x0000000089480000, 0x00000000d5580000)
  object space 152064K, 99% used [0x0000000080000000,0x000000008942dca0,0x0000000089480000)
 Metaspace       used 85052K, committed 87104K, reserved 1179648K
  class space    used 8544K, committed 9408K, reserved 1048576K
}
Event: 3193.692 GC heap after
{Heap after GC invocations=2594 (full 6):
 PSYoungGen      total 5632K, used 512K [0x00000000d5580000, 0x00000000d5c80000, 0x0000000100000000)
  eden space 4608K, 0% used [0x00000000d5580000,0x00000000d5580000,0x00000000d5a00000)
  from space 1024K, 50% used [0x00000000d5a80000,0x00000000d5b00000,0x00000000d5b80000)
  to   space 1024K, 0% used [0x00000000d5b80000,0x00000000d5b80000,0x00000000d5c80000)
 ParOldGen       total 152576K, used 152287K [0x0000000080000000, 0x0000000089500000, 0x00000000d5580000)
  object space 152576K, 99% used [0x0000000080000000,0x00000000894b7ce0,0x0000000089500000)
 Metaspace       used 85052K, committed 87104K, reserved 1179648K
  class space    used 8544K, committed 9408K, reserved 1048576K
}
Event: 3193.711 GC heap before
{Heap before GC invocations=2595 (full 6):
 PSYoungGen      total 5632K, used 5120K [0x00000000d5580000, 0x00000000d5c80000, 0x0000000100000000)
  eden space 4608K, 100% used [0x00000000d5580000,0x00000000d5a00000,0x00000000d5a00000)
  from space 1024K, 50% used [0x00000000d5a80000,0x00000000d5b00000,0x00000000d5b80000)
  to   space 1024K, 0% used [0x00000000d5b80000,0x00000000d5b80000,0x00000000d5c80000)
 ParOldGen       total 152576K, used 152287K [0x0000000080000000, 0x0000000089500000, 0x00000000d5580000)
  object space 152576K, 99% used [0x0000000080000000,0x00000000894b7ce0,0x0000000089500000)
 Metaspace       used 85052K, committed 87104K, reserved 1179648K
  class space    used 8544K, committed 9408K, reserved 1048576K
}
Event: 3193.713 GC heap after
{Heap after GC invocations=2595 (full 6):
 PSYoungGen      total 5632K, used 688K [0x00000000d5580000, 0x00000000d5c80000, 0x0000000100000000)
  eden space 4608K, 0% used [0x00000000d5580000,0x00000000d5580000,0x00000000d5a00000)
  from space 1024K, 67% used [0x00000000d5b80000,0x00000000d5c2c010,0x00000000d5c80000)
  to   space 1024K, 0% used [0x00000000d5a80000,0x00000000d5a80000,0x00000000d5b80000)
 ParOldGen       total 153088K, used 152663K [0x0000000080000000, 0x0000000089580000, 0x00000000d5580000)
  object space 153088K, 99% used [0x0000000080000000,0x0000000089515d20,0x0000000089580000)
 Metaspace       used 85052K, committed 87104K, reserved 1179648K
  class space    used 8544K, committed 9408K, reserved 1048576K
}
Event: 3193.729 GC heap before
{Heap before GC invocations=2596 (full 6):
 PSYoungGen      total 5632K, used 5296K [0x00000000d5580000, 0x00000000d5c80000, 0x0000000100000000)
  eden space 4608K, 100% used [0x00000000d5580000,0x00000000d5a00000,0x00000000d5a00000)
  from space 1024K, 67% used [0x00000000d5b80000,0x00000000d5c2c010,0x00000000d5c80000)
  to   space 1024K, 0% used [0x00000000d5a80000,0x00000000d5a80000,0x00000000d5b80000)
 ParOldGen       total 153088K, used 152663K [0x0000000080000000, 0x0000000089580000, 0x00000000d5580000)
  object space 153088K, 99% used [0x0000000080000000,0x0000000089515d20,0x0000000089580000)
 Metaspace       used 85055K, committed 87104K, reserved 1179648K
  class space    used 8544K, committed 9408K, reserved 1048576K
}
Event: 3193.730 GC heap after
{Heap after GC invocations=2596 (full 6):
 PSYoungGen      total 5632K, used 576K [0x00000000d5580000, 0x00000000d5c00000, 0x0000000100000000)
  eden space 4608K, 0% used [0x00000000d5580000,0x00000000d5580000,0x00000000d5a00000)
  from space 1024K, 56% used [0x00000000d5a80000,0x00000000d5b10000,0x00000000d5b80000)
  to   space 512K, 0% used [0x00000000d5b80000,0x00000000d5b80000,0x00000000d5c00000)
 ParOldGen       total 153600K, used 153239K [0x0000000080000000, 0x0000000089600000, 0x00000000d5580000)
  object space 153600K, 99% used [0x0000000080000000,0x00000000895a5d90,0x0000000089600000)
 Metaspace       used 85055K, committed 87104K, reserved 1179648K
  class space    used 8544K, committed 9408K, reserved 1048576K
}
Event: 3775.098 GC heap before
{Heap before GC invocations=2597 (full 6):
 PSYoungGen      total 5632K, used 5184K [0x00000000d5580000, 0x00000000d5c00000, 0x0000000100000000)
  eden space 4608K, 100% used [0x00000000d5580000,0x00000000d5a00000,0x00000000d5a00000)
  from space 1024K, 56% used [0x00000000d5a80000,0x00000000d5b10000,0x00000000d5b80000)
  to   space 512K, 0% used [0x00000000d5b80000,0x00000000d5b80000,0x00000000d5c00000)
 ParOldGen       total 153600K, used 153239K [0x0000000080000000, 0x0000000089600000, 0x00000000d5580000)
  object space 153600K, 99% used [0x0000000080000000,0x00000000895a5d90,0x0000000089600000)
 Metaspace       used 85068K, committed 87104K, reserved 1179648K
  class space    used 8544K, committed 9408K, reserved 1048576K
}
Event: 3775.100 GC heap after
{Heap after GC invocations=2597 (full 6):
 PSYoungGen      total 5120K, used 416K [0x00000000d5580000, 0x00000000d5c00000, 0x0000000100000000)
  eden space 4608K, 0% used [0x00000000d5580000,0x00000000d5580000,0x00000000d5a00000)
  from space 512K, 81% used [0x00000000d5b80000,0x00000000d5be8000,0x00000000d5c00000)
  to   space 512K, 0% used [0x00000000d5b00000,0x00000000d5b00000,0x00000000d5b80000)
 ParOldGen       total 154112K, used 153691K [0x0000000080000000, 0x0000000089680000, 0x00000000d5580000)
  object space 154112K, 99% used [0x0000000080000000,0x0000000089616de0,0x0000000089680000)
 Metaspace       used 85068K, committed 87104K, reserved 1179648K
  class space    used 8544K, committed 9408K, reserved 1048576K
}

